[21-Jan-2022 04:13:50 UTC] PHP Notice:  Undefined index: title in E:\xampp\htdocs\wp_docpress\wp-content\themes\docspress\single.php on line 14
[21-Jan-2022 04:13:50 UTC] PHP Notice:  Undefined index: title in E:\xampp\htdocs\wp_docpress\wp-content\themes\docspress\single.php on line 62
[21-Jan-2022 04:13:50 UTC] PHP Notice:  Undefined index: text in E:\xampp\htdocs\wp_docpress\wp-content\themes\docspress\single.php on line 64
[21-Jan-2022 04:14:21 UTC] PHP Deprecated:  Methods with the same name as their class will not be constructors in a future version of PHP; add_documentor_pro_button has a deprecated constructor in E:\xampp\htdocs\wp_docpress\wp-content\plugins\documentor\core\includes\tinymce\tinymce.php on line 10
[21-Jan-2022 04:14:21 UTC] PHP Deprecated:  Methods with the same name as their class will not be constructors in a future version of PHP; add_documentor_pro_button has a deprecated constructor in E:\xampp\htdocs\wp_docpress\wp-content\plugins\documentor\core\includes\tinymce\tinymce.php on line 10
[21-Jan-2022 04:14:25 UTC] PHP Deprecated:  Methods with the same name as their class will not be constructors in a future version of PHP; add_documentor_pro_button has a deprecated constructor in E:\xampp\htdocs\wp_docpress\wp-content\plugins\documentor\core\includes\tinymce\tinymce.php on line 10
[21-Jan-2022 04:14:26 UTC] PHP Notice:  Undefined index: title in E:\xampp\htdocs\wp_docpress\wp-content\themes\docspress\single.php on line 14
[21-Jan-2022 04:14:26 UTC] PHP Warning:  count(): Parameter must be an array or an object that implements Countable in E:\xampp\htdocs\wp_docpress\wp-content\plugins\documentor\core\guide.php on line 16
[21-Jan-2022 04:14:26 UTC] PHP Warning:  count(): Parameter must be an array or an object that implements Countable in E:\xampp\htdocs\wp_docpress\wp-content\plugins\documentor\core\guide.php on line 16
[21-Jan-2022 04:14:26 UTC] PHP Warning:  count(): Parameter must be an array or an object that implements Countable in E:\xampp\htdocs\wp_docpress\wp-content\plugins\documentor\core\guide.php on line 16
[21-Jan-2022 04:14:26 UTC] PHP Warning:  count(): Parameter must be an array or an object that implements Countable in E:\xampp\htdocs\wp_docpress\wp-content\plugins\documentor\core\guide.php on line 16
[21-Jan-2022 04:14:26 UTC] PHP Warning:  count(): Parameter must be an array or an object that implements Countable in E:\xampp\htdocs\wp_docpress\wp-content\plugins\documentor\core\guide.php on line 16
[21-Jan-2022 04:14:26 UTC] PHP Warning:  count(): Parameter must be an array or an object that implements Countable in E:\xampp\htdocs\wp_docpress\wp-content\plugins\documentor\core\guide.php on line 16
[21-Jan-2022 04:14:26 UTC] PHP Warning:  count(): Parameter must be an array or an object that implements Countable in E:\xampp\htdocs\wp_docpress\wp-content\plugins\documentor\core\guide.php on line 16
[21-Jan-2022 04:14:26 UTC] PHP Warning:  count(): Parameter must be an array or an object that implements Countable in E:\xampp\htdocs\wp_docpress\wp-content\plugins\documentor\core\guide.php on line 16
[21-Jan-2022 04:14:26 UTC] PHP Warning:  count(): Parameter must be an array or an object that implements Countable in E:\xampp\htdocs\wp_docpress\wp-content\plugins\documentor\core\guide.php on line 16
[21-Jan-2022 04:14:26 UTC] PHP Warning:  count(): Parameter must be an array or an object that implements Countable in E:\xampp\htdocs\wp_docpress\wp-content\plugins\documentor\core\guide.php on line 16
[21-Jan-2022 04:14:26 UTC] PHP Warning:  count(): Parameter must be an array or an object that implements Countable in E:\xampp\htdocs\wp_docpress\wp-content\plugins\documentor\core\guide.php on line 16
[21-Jan-2022 04:14:26 UTC] PHP Warning:  count(): Parameter must be an array or an object that implements Countable in E:\xampp\htdocs\wp_docpress\wp-content\plugins\documentor\core\guide.php on line 16
[21-Jan-2022 04:14:26 UTC] PHP Warning:  count(): Parameter must be an array or an object that implements Countable in E:\xampp\htdocs\wp_docpress\wp-content\plugins\documentor\core\guide.php on line 16
[21-Jan-2022 04:14:26 UTC] PHP Warning:  count(): Parameter must be an array or an object that implements Countable in E:\xampp\htdocs\wp_docpress\wp-content\plugins\documentor\core\guide.php on line 16
[21-Jan-2022 04:14:26 UTC] PHP Warning:  count(): Parameter must be an array or an object that implements Countable in E:\xampp\htdocs\wp_docpress\wp-content\plugins\documentor\core\guide.php on line 16
[21-Jan-2022 04:14:26 UTC] PHP Warning:  count(): Parameter must be an array or an object that implements Countable in E:\xampp\htdocs\wp_docpress\wp-content\plugins\documentor\core\guide.php on line 16
[21-Jan-2022 04:14:26 UTC] PHP Warning:  count(): Parameter must be an array or an object that implements Countable in E:\xampp\htdocs\wp_docpress\wp-content\plugins\documentor\core\guide.php on line 16
[21-Jan-2022 04:14:26 UTC] PHP Warning:  count(): Parameter must be an array or an object that implements Countable in E:\xampp\htdocs\wp_docpress\wp-content\plugins\documentor\core\guide.php on line 16
[21-Jan-2022 04:14:26 UTC] PHP Warning:  count(): Parameter must be an array or an object that implements Countable in E:\xampp\htdocs\wp_docpress\wp-content\plugins\documentor\core\guide.php on line 16
[21-Jan-2022 04:14:26 UTC] PHP Warning:  count(): Parameter must be an array or an object that implements Countable in E:\xampp\htdocs\wp_docpress\wp-content\plugins\documentor\core\guide.php on line 16
[21-Jan-2022 04:14:26 UTC] PHP Warning:  count(): Parameter must be an array or an object that implements Countable in E:\xampp\htdocs\wp_docpress\wp-content\plugins\documentor\core\guide.php on line 16
[21-Jan-2022 04:14:26 UTC] PHP Warning:  count(): Parameter must be an array or an object that implements Countable in E:\xampp\htdocs\wp_docpress\wp-content\plugins\documentor\core\guide.php on line 16
[21-Jan-2022 04:14:26 UTC] PHP Warning:  count(): Parameter must be an array or an object that implements Countable in E:\xampp\htdocs\wp_docpress\wp-content\plugins\documentor\core\guide.php on line 16
[21-Jan-2022 04:14:26 UTC] PHP Warning:  count(): Parameter must be an array or an object that implements Countable in E:\xampp\htdocs\wp_docpress\wp-content\plugins\documentor\core\guide.php on line 16
[21-Jan-2022 04:14:26 UTC] PHP Warning:  count(): Parameter must be an array or an object that implements Countable in E:\xampp\htdocs\wp_docpress\wp-content\plugins\documentor\core\guide.php on line 16
[21-Jan-2022 04:14:26 UTC] PHP Warning:  count(): Parameter must be an array or an object that implements Countable in E:\xampp\htdocs\wp_docpress\wp-content\plugins\documentor\core\guide.php on line 16
[21-Jan-2022 04:14:26 UTC] PHP Warning:  count(): Parameter must be an array or an object that implements Countable in E:\xampp\htdocs\wp_docpress\wp-content\plugins\documentor\core\guide.php on line 16
[21-Jan-2022 04:14:26 UTC] PHP Warning:  count(): Parameter must be an array or an object that implements Countable in E:\xampp\htdocs\wp_docpress\wp-content\plugins\documentor\core\guide.php on line 16
[21-Jan-2022 04:14:26 UTC] PHP Warning:  count(): Parameter must be an array or an object that implements Countable in E:\xampp\htdocs\wp_docpress\wp-content\plugins\documentor\core\guide.php on line 16
[21-Jan-2022 04:14:26 UTC] PHP Warning:  count(): Parameter must be an array or an object that implements Countable in E:\xampp\htdocs\wp_docpress\wp-content\plugins\documentor\core\guide.php on line 16
[21-Jan-2022 04:14:26 UTC] PHP Warning:  count(): Parameter must be an array or an object that implements Countable in E:\xampp\htdocs\wp_docpress\wp-content\plugins\documentor\core\guide.php on line 16
[21-Jan-2022 04:14:26 UTC] PHP Warning:  count(): Parameter must be an array or an object that implements Countable in E:\xampp\htdocs\wp_docpress\wp-content\plugins\documentor\core\guide.php on line 16
[21-Jan-2022 04:14:26 UTC] PHP Warning:  count(): Parameter must be an array or an object that implements Countable in E:\xampp\htdocs\wp_docpress\wp-content\plugins\documentor\core\guide.php on line 16
[21-Jan-2022 04:14:26 UTC] PHP Warning:  count(): Parameter must be an array or an object that implements Countable in E:\xampp\htdocs\wp_docpress\wp-content\plugins\documentor\core\guide.php on line 16
[21-Jan-2022 04:14:26 UTC] PHP Warning:  count(): Parameter must be an array or an object that implements Countable in E:\xampp\htdocs\wp_docpress\wp-content\plugins\documentor\core\guide.php on line 16
[21-Jan-2022 04:14:26 UTC] PHP Warning:  count(): Parameter must be an array or an object that implements Countable in E:\xampp\htdocs\wp_docpress\wp-content\plugins\documentor\core\guide.php on line 16
[21-Jan-2022 04:14:26 UTC] PHP Warning:  count(): Parameter must be an array or an object that implements Countable in E:\xampp\htdocs\wp_docpress\wp-content\plugins\documentor\core\guide.php on line 16
[21-Jan-2022 04:14:26 UTC] PHP Warning:  count(): Parameter must be an array or an object that implements Countable in E:\xampp\htdocs\wp_docpress\wp-content\plugins\documentor\core\guide.php on line 16
[21-Jan-2022 04:14:26 UTC] PHP Warning:  count(): Parameter must be an array or an object that implements Countable in E:\xampp\htdocs\wp_docpress\wp-content\plugins\documentor\core\guide.php on line 16
[21-Jan-2022 04:14:26 UTC] PHP Warning:  count(): Parameter must be an array or an object that implements Countable in E:\xampp\htdocs\wp_docpress\wp-content\plugins\documentor\core\guide.php on line 16
[21-Jan-2022 04:14:26 UTC] PHP Warning:  count(): Parameter must be an array or an object that implements Countable in E:\xampp\htdocs\wp_docpress\wp-content\plugins\documentor\core\guide.php on line 16
[21-Jan-2022 04:14:26 UTC] PHP Warning:  count(): Parameter must be an array or an object that implements Countable in E:\xampp\htdocs\wp_docpress\wp-content\plugins\documentor\core\guide.php on line 16
[21-Jan-2022 04:14:26 UTC] PHP Warning:  count(): Parameter must be an array or an object that implements Countable in E:\xampp\htdocs\wp_docpress\wp-content\plugins\documentor\core\guide.php on line 16
[21-Jan-2022 04:14:26 UTC] PHP Warning:  count(): Parameter must be an array or an object that implements Countable in E:\xampp\htdocs\wp_docpress\wp-content\plugins\documentor\core\guide.php on line 16
[21-Jan-2022 04:14:26 UTC] PHP Warning:  count(): Parameter must be an array or an object that implements Countable in E:\xampp\htdocs\wp_docpress\wp-content\plugins\documentor\core\guide.php on line 16
[21-Jan-2022 04:14:26 UTC] PHP Warning:  count(): Parameter must be an array or an object that implements Countable in E:\xampp\htdocs\wp_docpress\wp-content\plugins\documentor\core\guide.php on line 16
[21-Jan-2022 04:14:26 UTC] PHP Warning:  count(): Parameter must be an array or an object that implements Countable in E:\xampp\htdocs\wp_docpress\wp-content\plugins\documentor\core\guide.php on line 16
[21-Jan-2022 04:14:26 UTC] PHP Warning:  count(): Parameter must be an array or an object that implements Countable in E:\xampp\htdocs\wp_docpress\wp-content\plugins\documentor\core\guide.php on line 16
[21-Jan-2022 04:14:26 UTC] PHP Warning:  count(): Parameter must be an array or an object that implements Countable in E:\xampp\htdocs\wp_docpress\wp-content\plugins\documentor\core\guide.php on line 16
[21-Jan-2022 04:14:26 UTC] PHP Warning:  count(): Parameter must be an array or an object that implements Countable in E:\xampp\htdocs\wp_docpress\wp-content\plugins\documentor\core\guide.php on line 16
[21-Jan-2022 04:14:26 UTC] PHP Warning:  count(): Parameter must be an array or an object that implements Countable in E:\xampp\htdocs\wp_docpress\wp-content\plugins\documentor\core\guide.php on line 16
[21-Jan-2022 04:14:26 UTC] PHP Warning:  count(): Parameter must be an array or an object that implements Countable in E:\xampp\htdocs\wp_docpress\wp-content\plugins\documentor\core\guide.php on line 16
[21-Jan-2022 04:14:26 UTC] PHP Warning:  count(): Parameter must be an array or an object that implements Countable in E:\xampp\htdocs\wp_docpress\wp-content\plugins\documentor\core\guide.php on line 16
[21-Jan-2022 04:14:26 UTC] PHP Warning:  count(): Parameter must be an array or an object that implements Countable in E:\xampp\htdocs\wp_docpress\wp-content\plugins\documentor\core\guide.php on line 16
[21-Jan-2022 04:14:26 UTC] PHP Warning:  count(): Parameter must be an array or an object that implements Countable in E:\xampp\htdocs\wp_docpress\wp-content\plugins\documentor\core\guide.php on line 16
[21-Jan-2022 04:14:26 UTC] PHP Warning:  count(): Parameter must be an array or an object that implements Countable in E:\xampp\htdocs\wp_docpress\wp-content\plugins\documentor\core\guide.php on line 16
[21-Jan-2022 04:14:26 UTC] PHP Warning:  count(): Parameter must be an array or an object that implements Countable in E:\xampp\htdocs\wp_docpress\wp-content\plugins\documentor\core\guide.php on line 16
[21-Jan-2022 04:14:26 UTC] PHP Warning:  count(): Parameter must be an array or an object that implements Countable in E:\xampp\htdocs\wp_docpress\wp-content\plugins\documentor\core\guide.php on line 16
[21-Jan-2022 04:14:26 UTC] PHP Warning:  count(): Parameter must be an array or an object that implements Countable in E:\xampp\htdocs\wp_docpress\wp-content\plugins\documentor\core\guide.php on line 16
[21-Jan-2022 04:14:26 UTC] PHP Warning:  count(): Parameter must be an array or an object that implements Countable in E:\xampp\htdocs\wp_docpress\wp-content\plugins\documentor\core\guide.php on line 16
[21-Jan-2022 04:14:26 UTC] PHP Warning:  count(): Parameter must be an array or an object that implements Countable in E:\xampp\htdocs\wp_docpress\wp-content\plugins\documentor\core\guide.php on line 16
[21-Jan-2022 04:14:26 UTC] PHP Warning:  count(): Parameter must be an array or an object that implements Countable in E:\xampp\htdocs\wp_docpress\wp-content\plugins\documentor\core\guide.php on line 16
[21-Jan-2022 04:14:26 UTC] PHP Warning:  count(): Parameter must be an array or an object that implements Countable in E:\xampp\htdocs\wp_docpress\wp-content\plugins\documentor\core\guide.php on line 16
[21-Jan-2022 04:14:26 UTC] PHP Warning:  count(): Parameter must be an array or an object that implements Countable in E:\xampp\htdocs\wp_docpress\wp-content\plugins\documentor\core\guide.php on line 16
[21-Jan-2022 04:14:26 UTC] PHP Warning:  count(): Parameter must be an array or an object that implements Countable in E:\xampp\htdocs\wp_docpress\wp-content\plugins\documentor\core\guide.php on line 16
[21-Jan-2022 04:14:26 UTC] PHP Warning:  count(): Parameter must be an array or an object that implements Countable in E:\xampp\htdocs\wp_docpress\wp-content\plugins\documentor\core\guide.php on line 16
[21-Jan-2022 04:14:26 UTC] PHP Warning:  count(): Parameter must be an array or an object that implements Countable in E:\xampp\htdocs\wp_docpress\wp-content\plugins\documentor\core\guide.php on line 16
[21-Jan-2022 04:14:26 UTC] PHP Warning:  count(): Parameter must be an array or an object that implements Countable in E:\xampp\htdocs\wp_docpress\wp-content\plugins\documentor\core\guide.php on line 16
[21-Jan-2022 04:14:26 UTC] PHP Warning:  count(): Parameter must be an array or an object that implements Countable in E:\xampp\htdocs\wp_docpress\wp-content\plugins\documentor\core\guide.php on line 16
[21-Jan-2022 04:14:26 UTC] PHP Warning:  count(): Parameter must be an array or an object that implements Countable in E:\xampp\htdocs\wp_docpress\wp-content\plugins\documentor\core\guide.php on line 16
[21-Jan-2022 04:14:26 UTC] PHP Warning:  count(): Parameter must be an array or an object that implements Countable in E:\xampp\htdocs\wp_docpress\wp-content\plugins\documentor\core\guide.php on line 16
[21-Jan-2022 04:14:26 UTC] PHP Warning:  count(): Parameter must be an array or an object that implements Countable in E:\xampp\htdocs\wp_docpress\wp-content\plugins\documentor\core\guide.php on line 16
[21-Jan-2022 04:14:26 UTC] PHP Warning:  count(): Parameter must be an array or an object that implements Countable in E:\xampp\htdocs\wp_docpress\wp-content\plugins\documentor\core\guide.php on line 16
[21-Jan-2022 04:14:26 UTC] PHP Warning:  count(): Parameter must be an array or an object that implements Countable in E:\xampp\htdocs\wp_docpress\wp-content\plugins\documentor\core\guide.php on line 16
[21-Jan-2022 04:14:26 UTC] PHP Warning:  count(): Parameter must be an array or an object that implements Countable in E:\xampp\htdocs\wp_docpress\wp-content\plugins\documentor\core\guide.php on line 16
[21-Jan-2022 04:14:26 UTC] PHP Warning:  count(): Parameter must be an array or an object that implements Countable in E:\xampp\htdocs\wp_docpress\wp-content\plugins\documentor\core\guide.php on line 16
[21-Jan-2022 04:14:26 UTC] PHP Warning:  count(): Parameter must be an array or an object that implements Countable in E:\xampp\htdocs\wp_docpress\wp-content\plugins\documentor\core\guide.php on line 16
[21-Jan-2022 04:14:26 UTC] PHP Warning:  count(): Parameter must be an array or an object that implements Countable in E:\xampp\htdocs\wp_docpress\wp-content\plugins\documentor\core\guide.php on line 16
[21-Jan-2022 04:14:26 UTC] PHP Warning:  count(): Parameter must be an array or an object that implements Countable in E:\xampp\htdocs\wp_docpress\wp-content\plugins\documentor\core\guide.php on line 16
[21-Jan-2022 04:14:26 UTC] PHP Warning:  count(): Parameter must be an array or an object that implements Countable in E:\xampp\htdocs\wp_docpress\wp-content\plugins\documentor\core\guide.php on line 16
[21-Jan-2022 04:14:26 UTC] PHP Warning:  count(): Parameter must be an array or an object that implements Countable in E:\xampp\htdocs\wp_docpress\wp-content\plugins\documentor\core\guide.php on line 16
[21-Jan-2022 04:14:26 UTC] PHP Warning:  count(): Parameter must be an array or an object that implements Countable in E:\xampp\htdocs\wp_docpress\wp-content\plugins\documentor\core\guide.php on line 16
[21-Jan-2022 04:14:26 UTC] PHP Warning:  count(): Parameter must be an array or an object that implements Countable in E:\xampp\htdocs\wp_docpress\wp-content\plugins\documentor\core\guide.php on line 16
[21-Jan-2022 04:14:26 UTC] PHP Warning:  count(): Parameter must be an array or an object that implements Countable in E:\xampp\htdocs\wp_docpress\wp-content\plugins\documentor\core\guide.php on line 16
[21-Jan-2022 04:14:26 UTC] PHP Warning:  count(): Parameter must be an array or an object that implements Countable in E:\xampp\htdocs\wp_docpress\wp-content\plugins\documentor\core\guide.php on line 16
[21-Jan-2022 04:14:26 UTC] PHP Warning:  count(): Parameter must be an array or an object that implements Countable in E:\xampp\htdocs\wp_docpress\wp-content\plugins\documentor\core\guide.php on line 16
[21-Jan-2022 04:14:26 UTC] PHP Warning:  count(): Parameter must be an array or an object that implements Countable in E:\xampp\htdocs\wp_docpress\wp-content\plugins\documentor\core\guide.php on line 16
[21-Jan-2022 04:14:26 UTC] PHP Warning:  count(): Parameter must be an array or an object that implements Countable in E:\xampp\htdocs\wp_docpress\wp-content\plugins\documentor\core\guide.php on line 16
[21-Jan-2022 04:14:26 UTC] PHP Warning:  count(): Parameter must be an array or an object that implements Countable in E:\xampp\htdocs\wp_docpress\wp-content\plugins\documentor\core\guide.php on line 16
[21-Jan-2022 04:14:26 UTC] PHP Warning:  count(): Parameter must be an array or an object that implements Countable in E:\xampp\htdocs\wp_docpress\wp-content\plugins\documentor\core\guide.php on line 16
[21-Jan-2022 04:14:26 UTC] PHP Warning:  count(): Parameter must be an array or an object that implements Countable in E:\xampp\htdocs\wp_docpress\wp-content\plugins\documentor\core\guide.php on line 16
[21-Jan-2022 04:14:26 UTC] PHP Warning:  count(): Parameter must be an array or an object that implements Countable in E:\xampp\htdocs\wp_docpress\wp-content\plugins\documentor\core\guide.php on line 16
[21-Jan-2022 04:14:26 UTC] PHP Warning:  count(): Parameter must be an array or an object that implements Countable in E:\xampp\htdocs\wp_docpress\wp-content\plugins\documentor\core\guide.php on line 16
[21-Jan-2022 04:14:26 UTC] PHP Warning:  count(): Parameter must be an array or an object that implements Countable in E:\xampp\htdocs\wp_docpress\wp-content\plugins\documentor\core\guide.php on line 16
[21-Jan-2022 04:14:26 UTC] PHP Warning:  count(): Parameter must be an array or an object that implements Countable in E:\xampp\htdocs\wp_docpress\wp-content\plugins\documentor\core\guide.php on line 16
[21-Jan-2022 04:14:26 UTC] PHP Warning:  count(): Parameter must be an array or an object that implements Countable in E:\xampp\htdocs\wp_docpress\wp-content\plugins\documentor\core\guide.php on line 16
[21-Jan-2022 04:14:26 UTC] PHP Warning:  count(): Parameter must be an array or an object that implements Countable in E:\xampp\htdocs\wp_docpress\wp-content\plugins\documentor\core\guide.php on line 16
[21-Jan-2022 04:14:26 UTC] PHP Warning:  count(): Parameter must be an array or an object that implements Countable in E:\xampp\htdocs\wp_docpress\wp-content\plugins\documentor\core\guide.php on line 16
[21-Jan-2022 04:14:26 UTC] PHP Warning:  count(): Parameter must be an array or an object that implements Countable in E:\xampp\htdocs\wp_docpress\wp-content\plugins\documentor\core\guide.php on line 16
[21-Jan-2022 04:14:26 UTC] PHP Warning:  count(): Parameter must be an array or an object that implements Countable in E:\xampp\htdocs\wp_docpress\wp-content\plugins\documentor\core\guide.php on line 16
[21-Jan-2022 04:14:26 UTC] PHP Warning:  count(): Parameter must be an array or an object that implements Countable in E:\xampp\htdocs\wp_docpress\wp-content\plugins\documentor\core\guide.php on line 16
[21-Jan-2022 04:14:26 UTC] PHP Warning:  count(): Parameter must be an array or an object that implements Countable in E:\xampp\htdocs\wp_docpress\wp-content\plugins\documentor\core\guide.php on line 16
[21-Jan-2022 04:14:26 UTC] PHP Warning:  count(): Parameter must be an array or an object that implements Countable in E:\xampp\htdocs\wp_docpress\wp-content\plugins\documentor\core\guide.php on line 16
[21-Jan-2022 04:14:26 UTC] PHP Warning:  count(): Parameter must be an array or an object that implements Countable in E:\xampp\htdocs\wp_docpress\wp-content\plugins\documentor\core\guide.php on line 16
[21-Jan-2022 04:14:26 UTC] PHP Warning:  count(): Parameter must be an array or an object that implements Countable in E:\xampp\htdocs\wp_docpress\wp-content\plugins\documentor\core\guide.php on line 16
[21-Jan-2022 04:14:26 UTC] PHP Warning:  count(): Parameter must be an array or an object that implements Countable in E:\xampp\htdocs\wp_docpress\wp-content\plugins\documentor\core\guide.php on line 16
[21-Jan-2022 04:14:26 UTC] PHP Warning:  count(): Parameter must be an array or an object that implements Countable in E:\xampp\htdocs\wp_docpress\wp-content\plugins\documentor\core\guide.php on line 16
[21-Jan-2022 04:14:26 UTC] PHP Warning:  count(): Parameter must be an array or an object that implements Countable in E:\xampp\htdocs\wp_docpress\wp-content\plugins\documentor\core\guide.php on line 16
[21-Jan-2022 04:14:26 UTC] PHP Warning:  count(): Parameter must be an array or an object that implements Countable in E:\xampp\htdocs\wp_docpress\wp-content\plugins\documentor\core\guide.php on line 16
[21-Jan-2022 04:14:26 UTC] PHP Warning:  count(): Parameter must be an array or an object that implements Countable in E:\xampp\htdocs\wp_docpress\wp-content\plugins\documentor\core\guide.php on line 16
[21-Jan-2022 04:14:26 UTC] PHP Warning:  count(): Parameter must be an array or an object that implements Countable in E:\xampp\htdocs\wp_docpress\wp-content\plugins\documentor\core\guide.php on line 16
[21-Jan-2022 04:14:26 UTC] PHP Warning:  count(): Parameter must be an array or an object that implements Countable in E:\xampp\htdocs\wp_docpress\wp-content\plugins\documentor\core\guide.php on line 16
[21-Jan-2022 04:14:26 UTC] PHP Warning:  count(): Parameter must be an array or an object that implements Countable in E:\xampp\htdocs\wp_docpress\wp-content\plugins\documentor\core\guide.php on line 16
[21-Jan-2022 04:14:26 UTC] PHP Warning:  count(): Parameter must be an array or an object that implements Countable in E:\xampp\htdocs\wp_docpress\wp-content\plugins\documentor\core\guide.php on line 16
[21-Jan-2022 04:14:26 UTC] PHP Warning:  count(): Parameter must be an array or an object that implements Countable in E:\xampp\htdocs\wp_docpress\wp-content\plugins\documentor\core\guide.php on line 16
[21-Jan-2022 04:14:26 UTC] PHP Warning:  count(): Parameter must be an array or an object that implements Countable in E:\xampp\htdocs\wp_docpress\wp-content\plugins\documentor\core\guide.php on line 16
[21-Jan-2022 04:14:26 UTC] PHP Warning:  count(): Parameter must be an array or an object that implements Countable in E:\xampp\htdocs\wp_docpress\wp-content\plugins\documentor\core\guide.php on line 16
[21-Jan-2022 04:14:26 UTC] PHP Warning:  count(): Parameter must be an array or an object that implements Countable in E:\xampp\htdocs\wp_docpress\wp-content\plugins\documentor\core\guide.php on line 16
[21-Jan-2022 04:14:26 UTC] PHP Warning:  count(): Parameter must be an array or an object that implements Countable in E:\xampp\htdocs\wp_docpress\wp-content\plugins\documentor\core\guide.php on line 16
[21-Jan-2022 04:14:26 UTC] PHP Warning:  count(): Parameter must be an array or an object that implements Countable in E:\xampp\htdocs\wp_docpress\wp-content\plugins\documentor\core\guide.php on line 16
[21-Jan-2022 04:14:26 UTC] PHP Warning:  count(): Parameter must be an array or an object that implements Countable in E:\xampp\htdocs\wp_docpress\wp-content\plugins\documentor\core\guide.php on line 16
[21-Jan-2022 04:14:26 UTC] PHP Warning:  count(): Parameter must be an array or an object that implements Countable in E:\xampp\htdocs\wp_docpress\wp-content\plugins\documentor\core\guide.php on line 16
[21-Jan-2022 04:14:26 UTC] PHP Warning:  count(): Parameter must be an array or an object that implements Countable in E:\xampp\htdocs\wp_docpress\wp-content\plugins\documentor\core\guide.php on line 16
[21-Jan-2022 04:14:26 UTC] PHP Warning:  count(): Parameter must be an array or an object that implements Countable in E:\xampp\htdocs\wp_docpress\wp-content\plugins\documentor\core\guide.php on line 16
[21-Jan-2022 04:14:26 UTC] PHP Warning:  count(): Parameter must be an array or an object that implements Countable in E:\xampp\htdocs\wp_docpress\wp-content\plugins\documentor\core\guide.php on line 16
[21-Jan-2022 04:14:26 UTC] PHP Warning:  count(): Parameter must be an array or an object that implements Countable in E:\xampp\htdocs\wp_docpress\wp-content\plugins\documentor\core\guide.php on line 16
[21-Jan-2022 04:14:26 UTC] PHP Warning:  count(): Parameter must be an array or an object that implements Countable in E:\xampp\htdocs\wp_docpress\wp-content\plugins\documentor\core\guide.php on line 16
[21-Jan-2022 04:14:26 UTC] PHP Warning:  count(): Parameter must be an array or an object that implements Countable in E:\xampp\htdocs\wp_docpress\wp-content\plugins\documentor\core\guide.php on line 16
[21-Jan-2022 04:14:26 UTC] PHP Warning:  count(): Parameter must be an array or an object that implements Countable in E:\xampp\htdocs\wp_docpress\wp-content\plugins\documentor\core\guide.php on line 16
[21-Jan-2022 04:14:26 UTC] PHP Warning:  count(): Parameter must be an array or an object that implements Countable in E:\xampp\htdocs\wp_docpress\wp-content\plugins\documentor\core\guide.php on line 16
[21-Jan-2022 04:14:26 UTC] PHP Warning:  count(): Parameter must be an array or an object that implements Countable in E:\xampp\htdocs\wp_docpress\wp-content\plugins\documentor\core\guide.php on line 16
[21-Jan-2022 04:14:26 UTC] PHP Warning:  count(): Parameter must be an array or an object that implements Countable in E:\xampp\htdocs\wp_docpress\wp-content\plugins\documentor\core\guide.php on line 16
[21-Jan-2022 04:14:26 UTC] PHP Warning:  count(): Parameter must be an array or an object that implements Countable in E:\xampp\htdocs\wp_docpress\wp-content\plugins\documentor\core\guide.php on line 16
[21-Jan-2022 04:14:26 UTC] PHP Warning:  count(): Parameter must be an array or an object that implements Countable in E:\xampp\htdocs\wp_docpress\wp-content\plugins\documentor\core\guide.php on line 16
[21-Jan-2022 04:14:26 UTC] PHP Warning:  count(): Parameter must be an array or an object that implements Countable in E:\xampp\htdocs\wp_docpress\wp-content\plugins\documentor\core\guide.php on line 16
[21-Jan-2022 04:14:26 UTC] PHP Warning:  count(): Parameter must be an array or an object that implements Countable in E:\xampp\htdocs\wp_docpress\wp-content\plugins\documentor\core\guide.php on line 16
[21-Jan-2022 04:14:26 UTC] PHP Warning:  count(): Parameter must be an array or an object that implements Countable in E:\xampp\htdocs\wp_docpress\wp-content\plugins\documentor\core\guide.php on line 16
[21-Jan-2022 04:14:26 UTC] PHP Warning:  count(): Parameter must be an array or an object that implements Countable in E:\xampp\htdocs\wp_docpress\wp-content\plugins\documentor\core\guide.php on line 16
[21-Jan-2022 04:14:26 UTC] PHP Warning:  count(): Parameter must be an array or an object that implements Countable in E:\xampp\htdocs\wp_docpress\wp-content\plugins\documentor\core\guide.php on line 16
[21-Jan-2022 04:14:26 UTC] PHP Warning:  count(): Parameter must be an array or an object that implements Countable in E:\xampp\htdocs\wp_docpress\wp-content\plugins\documentor\core\guide.php on line 16
[21-Jan-2022 04:14:26 UTC] PHP Warning:  count(): Parameter must be an array or an object that implements Countable in E:\xampp\htdocs\wp_docpress\wp-content\plugins\documentor\core\guide.php on line 16
[21-Jan-2022 04:14:26 UTC] PHP Warning:  count(): Parameter must be an array or an object that implements Countable in E:\xampp\htdocs\wp_docpress\wp-content\plugins\documentor\core\guide.php on line 16
[21-Jan-2022 04:14:26 UTC] PHP Warning:  count(): Parameter must be an array or an object that implements Countable in E:\xampp\htdocs\wp_docpress\wp-content\plugins\documentor\core\guide.php on line 16
[21-Jan-2022 04:14:26 UTC] PHP Warning:  count(): Parameter must be an array or an object that implements Countable in E:\xampp\htdocs\wp_docpress\wp-content\plugins\documentor\core\guide.php on line 16
[21-Jan-2022 04:14:26 UTC] PHP Warning:  count(): Parameter must be an array or an object that implements Countable in E:\xampp\htdocs\wp_docpress\wp-content\plugins\documentor\core\guide.php on line 16
[21-Jan-2022 04:14:26 UTC] PHP Warning:  count(): Parameter must be an array or an object that implements Countable in E:\xampp\htdocs\wp_docpress\wp-content\plugins\documentor\core\guide.php on line 16
[21-Jan-2022 04:14:26 UTC] PHP Warning:  count(): Parameter must be an array or an object that implements Countable in E:\xampp\htdocs\wp_docpress\wp-content\plugins\documentor\core\guide.php on line 16
[21-Jan-2022 04:14:26 UTC] PHP Warning:  count(): Parameter must be an array or an object that implements Countable in E:\xampp\htdocs\wp_docpress\wp-content\plugins\documentor\core\guide.php on line 16
[21-Jan-2022 04:14:26 UTC] PHP Warning:  count(): Parameter must be an array or an object that implements Countable in E:\xampp\htdocs\wp_docpress\wp-content\plugins\documentor\core\guide.php on line 16
[21-Jan-2022 04:14:26 UTC] PHP Warning:  count(): Parameter must be an array or an object that implements Countable in E:\xampp\htdocs\wp_docpress\wp-content\plugins\documentor\core\guide.php on line 16
[21-Jan-2022 04:14:26 UTC] PHP Warning:  count(): Parameter must be an array or an object that implements Countable in E:\xampp\htdocs\wp_docpress\wp-content\plugins\documentor\core\guide.php on line 16
[21-Jan-2022 04:14:26 UTC] PHP Warning:  count(): Parameter must be an array or an object that implements Countable in E:\xampp\htdocs\wp_docpress\wp-content\plugins\documentor\core\guide.php on line 16
[21-Jan-2022 04:14:26 UTC] PHP Warning:  count(): Parameter must be an array or an object that implements Countable in E:\xampp\htdocs\wp_docpress\wp-content\plugins\documentor\core\guide.php on line 16
[21-Jan-2022 04:14:26 UTC] PHP Warning:  count(): Parameter must be an array or an object that implements Countable in E:\xampp\htdocs\wp_docpress\wp-content\plugins\documentor\core\guide.php on line 16
[21-Jan-2022 04:14:26 UTC] PHP Warning:  count(): Parameter must be an array or an object that implements Countable in E:\xampp\htdocs\wp_docpress\wp-content\plugins\documentor\core\guide.php on line 16
[21-Jan-2022 04:14:26 UTC] PHP Warning:  count(): Parameter must be an array or an object that implements Countable in E:\xampp\htdocs\wp_docpress\wp-content\plugins\documentor\core\guide.php on line 16
[21-Jan-2022 04:14:26 UTC] PHP Warning:  count(): Parameter must be an array or an object that implements Countable in E:\xampp\htdocs\wp_docpress\wp-content\plugins\documentor\core\guide.php on line 16
[21-Jan-2022 04:14:26 UTC] PHP Warning:  count(): Parameter must be an array or an object that implements Countable in E:\xampp\htdocs\wp_docpress\wp-content\plugins\documentor\core\guide.php on line 16
[21-Jan-2022 04:14:26 UTC] PHP Warning:  count(): Parameter must be an array or an object that implements Countable in E:\xampp\htdocs\wp_docpress\wp-content\plugins\documentor\core\guide.php on line 16
[21-Jan-2022 04:14:26 UTC] PHP Warning:  count(): Parameter must be an array or an object that implements Countable in E:\xampp\htdocs\wp_docpress\wp-content\plugins\documentor\core\guide.php on line 16
[21-Jan-2022 04:14:26 UTC] PHP Warning:  count(): Parameter must be an array or an object that implements Countable in E:\xampp\htdocs\wp_docpress\wp-content\plugins\documentor\core\guide.php on line 16
[21-Jan-2022 04:14:26 UTC] PHP Warning:  count(): Parameter must be an array or an object that implements Countable in E:\xampp\htdocs\wp_docpress\wp-content\plugins\documentor\core\guide.php on line 16
[21-Jan-2022 04:14:26 UTC] PHP Notice:  Undefined index: title in E:\xampp\htdocs\wp_docpress\wp-content\themes\docspress\single.php on line 62
[21-Jan-2022 04:14:26 UTC] PHP Notice:  Undefined index: text in E:\xampp\htdocs\wp_docpress\wp-content\themes\docspress\single.php on line 64
[21-Jan-2022 04:15:00 UTC] PHP Deprecated:  Methods with the same name as their class will not be constructors in a future version of PHP; add_documentor_pro_button has a deprecated constructor in E:\xampp\htdocs\wp_docpress\wp-content\plugins\documentor\core\includes\tinymce\tinymce.php on line 10
[21-Jan-2022 04:15:22 UTC] PHP Deprecated:  Methods with the same name as their class will not be constructors in a future version of PHP; add_documentor_pro_button has a deprecated constructor in E:\xampp\htdocs\wp_docpress\wp-content\plugins\documentor\core\includes\tinymce\tinymce.php on line 10
[21-Jan-2022 04:16:05 UTC] PHP Deprecated:  Methods with the same name as their class will not be constructors in a future version of PHP; add_documentor_pro_button has a deprecated constructor in E:\xampp\htdocs\wp_docpress\wp-content\plugins\documentor\core\includes\tinymce\tinymce.php on line 10
[21-Jan-2022 04:16:05 UTC] PHP Notice:  Undefined index: title in E:\xampp\htdocs\wp_docpress\wp-content\themes\docspress\single.php on line 14
[21-Jan-2022 04:16:06 UTC] PHP Deprecated:  Methods with the same name as their class will not be constructors in a future version of PHP; add_documentor_pro_button has a deprecated constructor in E:\xampp\htdocs\wp_docpress\wp-content\plugins\documentor\core\includes\tinymce\tinymce.php on line 10
[21-Jan-2022 04:17:01 UTC] PHP Deprecated:  Methods with the same name as their class will not be constructors in a future version of PHP; add_documentor_pro_button has a deprecated constructor in E:\xampp\htdocs\wp_docpress\wp-content\plugins\documentor\core\includes\tinymce\tinymce.php on line 10
[21-Jan-2022 04:17:23 UTC] PHP Deprecated:  Methods with the same name as their class will not be constructors in a future version of PHP; add_documentor_pro_button has a deprecated constructor in E:\xampp\htdocs\wp_docpress\wp-content\plugins\documentor\core\includes\tinymce\tinymce.php on line 10
[21-Jan-2022 04:17:58 UTC] PHP Deprecated:  Methods with the same name as their class will not be constructors in a future version of PHP; add_documentor_pro_button has a deprecated constructor in E:\xampp\htdocs\wp_docpress\wp-content\plugins\documentor\core\includes\tinymce\tinymce.php on line 10
[21-Jan-2022 04:17:58 UTC] PHP Notice:  Undefined index: title in E:\xampp\htdocs\wp_docpress\wp-content\themes\docspress\single.php on line 14
[21-Jan-2022 04:17:58 UTC] PHP Warning:  count(): Parameter must be an array or an object that implements Countable in E:\xampp\htdocs\wp_docpress\wp-content\plugins\documentor\core\guide.php on line 16
[21-Jan-2022 04:17:58 UTC] PHP Warning:  count(): Parameter must be an array or an object that implements Countable in E:\xampp\htdocs\wp_docpress\wp-content\plugins\documentor\core\guide.php on line 16
[21-Jan-2022 04:17:58 UTC] PHP Warning:  count(): Parameter must be an array or an object that implements Countable in E:\xampp\htdocs\wp_docpress\wp-content\plugins\documentor\core\guide.php on line 16
[21-Jan-2022 04:17:58 UTC] PHP Warning:  count(): Parameter must be an array or an object that implements Countable in E:\xampp\htdocs\wp_docpress\wp-content\plugins\documentor\core\guide.php on line 16
[21-Jan-2022 04:17:58 UTC] PHP Warning:  count(): Parameter must be an array or an object that implements Countable in E:\xampp\htdocs\wp_docpress\wp-content\plugins\documentor\core\guide.php on line 16
[21-Jan-2022 04:17:58 UTC] PHP Warning:  count(): Parameter must be an array or an object that implements Countable in E:\xampp\htdocs\wp_docpress\wp-content\plugins\documentor\core\guide.php on line 16
[21-Jan-2022 04:17:58 UTC] PHP Warning:  count(): Parameter must be an array or an object that implements Countable in E:\xampp\htdocs\wp_docpress\wp-content\plugins\documentor\core\guide.php on line 16
[21-Jan-2022 04:17:58 UTC] PHP Warning:  count(): Parameter must be an array or an object that implements Countable in E:\xampp\htdocs\wp_docpress\wp-content\plugins\documentor\core\guide.php on line 16
[21-Jan-2022 04:17:58 UTC] PHP Warning:  count(): Parameter must be an array or an object that implements Countable in E:\xampp\htdocs\wp_docpress\wp-content\plugins\documentor\core\guide.php on line 16
[21-Jan-2022 04:17:58 UTC] PHP Warning:  count(): Parameter must be an array or an object that implements Countable in E:\xampp\htdocs\wp_docpress\wp-content\plugins\documentor\core\guide.php on line 16
[21-Jan-2022 04:17:58 UTC] PHP Warning:  count(): Parameter must be an array or an object that implements Countable in E:\xampp\htdocs\wp_docpress\wp-content\plugins\documentor\core\guide.php on line 16
[21-Jan-2022 04:17:58 UTC] PHP Warning:  count(): Parameter must be an array or an object that implements Countable in E:\xampp\htdocs\wp_docpress\wp-content\plugins\documentor\core\guide.php on line 16
[21-Jan-2022 04:17:58 UTC] PHP Warning:  count(): Parameter must be an array or an object that implements Countable in E:\xampp\htdocs\wp_docpress\wp-content\plugins\documentor\core\guide.php on line 16
[21-Jan-2022 04:17:58 UTC] PHP Warning:  count(): Parameter must be an array or an object that implements Countable in E:\xampp\htdocs\wp_docpress\wp-content\plugins\documentor\core\guide.php on line 16
[21-Jan-2022 04:17:58 UTC] PHP Warning:  count(): Parameter must be an array or an object that implements Countable in E:\xampp\htdocs\wp_docpress\wp-content\plugins\documentor\core\guide.php on line 16
[21-Jan-2022 04:17:58 UTC] PHP Warning:  count(): Parameter must be an array or an object that implements Countable in E:\xampp\htdocs\wp_docpress\wp-content\plugins\documentor\core\guide.php on line 16
[21-Jan-2022 04:17:58 UTC] PHP Warning:  count(): Parameter must be an array or an object that implements Countable in E:\xampp\htdocs\wp_docpress\wp-content\plugins\documentor\core\guide.php on line 16
[21-Jan-2022 04:17:58 UTC] PHP Warning:  count(): Parameter must be an array or an object that implements Countable in E:\xampp\htdocs\wp_docpress\wp-content\plugins\documentor\core\guide.php on line 16
[21-Jan-2022 04:17:58 UTC] PHP Warning:  count(): Parameter must be an array or an object that implements Countable in E:\xampp\htdocs\wp_docpress\wp-content\plugins\documentor\core\guide.php on line 16
[21-Jan-2022 04:17:58 UTC] PHP Warning:  count(): Parameter must be an array or an object that implements Countable in E:\xampp\htdocs\wp_docpress\wp-content\plugins\documentor\core\guide.php on line 16
[21-Jan-2022 04:17:58 UTC] PHP Warning:  count(): Parameter must be an array or an object that implements Countable in E:\xampp\htdocs\wp_docpress\wp-content\plugins\documentor\core\guide.php on line 16
[21-Jan-2022 04:17:58 UTC] PHP Warning:  count(): Parameter must be an array or an object that implements Countable in E:\xampp\htdocs\wp_docpress\wp-content\plugins\documentor\core\guide.php on line 16
[21-Jan-2022 04:17:58 UTC] PHP Warning:  count(): Parameter must be an array or an object that implements Countable in E:\xampp\htdocs\wp_docpress\wp-content\plugins\documentor\core\guide.php on line 16
[21-Jan-2022 04:17:58 UTC] PHP Warning:  count(): Parameter must be an array or an object that implements Countable in E:\xampp\htdocs\wp_docpress\wp-content\plugins\documentor\core\guide.php on line 16
[21-Jan-2022 04:17:58 UTC] PHP Warning:  count(): Parameter must be an array or an object that implements Countable in E:\xampp\htdocs\wp_docpress\wp-content\plugins\documentor\core\guide.php on line 16
[21-Jan-2022 04:17:58 UTC] PHP Warning:  count(): Parameter must be an array or an object that implements Countable in E:\xampp\htdocs\wp_docpress\wp-content\plugins\documentor\core\guide.php on line 16
[21-Jan-2022 04:17:58 UTC] PHP Warning:  count(): Parameter must be an array or an object that implements Countable in E:\xampp\htdocs\wp_docpress\wp-content\plugins\documentor\core\guide.php on line 16
[21-Jan-2022 04:17:58 UTC] PHP Warning:  count(): Parameter must be an array or an object that implements Countable in E:\xampp\htdocs\wp_docpress\wp-content\plugins\documentor\core\guide.php on line 16
[21-Jan-2022 04:17:58 UTC] PHP Warning:  count(): Parameter must be an array or an object that implements Countable in E:\xampp\htdocs\wp_docpress\wp-content\plugins\documentor\core\guide.php on line 16
[21-Jan-2022 04:17:58 UTC] PHP Warning:  count(): Parameter must be an array or an object that implements Countable in E:\xampp\htdocs\wp_docpress\wp-content\plugins\documentor\core\guide.php on line 16
[21-Jan-2022 04:17:58 UTC] PHP Warning:  count(): Parameter must be an array or an object that implements Countable in E:\xampp\htdocs\wp_docpress\wp-content\plugins\documentor\core\guide.php on line 16
[21-Jan-2022 04:17:58 UTC] PHP Warning:  count(): Parameter must be an array or an object that implements Countable in E:\xampp\htdocs\wp_docpress\wp-content\plugins\documentor\core\guide.php on line 16
[21-Jan-2022 04:17:58 UTC] PHP Warning:  count(): Parameter must be an array or an object that implements Countable in E:\xampp\htdocs\wp_docpress\wp-content\plugins\documentor\core\guide.php on line 16
[21-Jan-2022 04:17:58 UTC] PHP Warning:  count(): Parameter must be an array or an object that implements Countable in E:\xampp\htdocs\wp_docpress\wp-content\plugins\documentor\core\guide.php on line 16
[21-Jan-2022 04:17:58 UTC] PHP Warning:  count(): Parameter must be an array or an object that implements Countable in E:\xampp\htdocs\wp_docpress\wp-content\plugins\documentor\core\guide.php on line 16
[21-Jan-2022 04:17:58 UTC] PHP Warning:  count(): Parameter must be an array or an object that implements Countable in E:\xampp\htdocs\wp_docpress\wp-content\plugins\documentor\core\guide.php on line 16
[21-Jan-2022 04:17:58 UTC] PHP Warning:  count(): Parameter must be an array or an object that implements Countable in E:\xampp\htdocs\wp_docpress\wp-content\plugins\documentor\core\guide.php on line 16
[21-Jan-2022 04:17:58 UTC] PHP Warning:  count(): Parameter must be an array or an object that implements Countable in E:\xampp\htdocs\wp_docpress\wp-content\plugins\documentor\core\guide.php on line 16
[21-Jan-2022 04:17:58 UTC] PHP Warning:  count(): Parameter must be an array or an object that implements Countable in E:\xampp\htdocs\wp_docpress\wp-content\plugins\documentor\core\guide.php on line 16
[21-Jan-2022 04:17:58 UTC] PHP Warning:  count(): Parameter must be an array or an object that implements Countable in E:\xampp\htdocs\wp_docpress\wp-content\plugins\documentor\core\guide.php on line 16
[21-Jan-2022 04:17:58 UTC] PHP Warning:  count(): Parameter must be an array or an object that implements Countable in E:\xampp\htdocs\wp_docpress\wp-content\plugins\documentor\core\guide.php on line 16
[21-Jan-2022 04:17:58 UTC] PHP Warning:  count(): Parameter must be an array or an object that implements Countable in E:\xampp\htdocs\wp_docpress\wp-content\plugins\documentor\core\guide.php on line 16
[21-Jan-2022 04:17:58 UTC] PHP Warning:  count(): Parameter must be an array or an object that implements Countable in E:\xampp\htdocs\wp_docpress\wp-content\plugins\documentor\core\guide.php on line 16
[21-Jan-2022 04:17:58 UTC] PHP Warning:  count(): Parameter must be an array or an object that implements Countable in E:\xampp\htdocs\wp_docpress\wp-content\plugins\documentor\core\guide.php on line 16
[21-Jan-2022 04:17:58 UTC] PHP Warning:  count(): Parameter must be an array or an object that implements Countable in E:\xampp\htdocs\wp_docpress\wp-content\plugins\documentor\core\guide.php on line 16
[21-Jan-2022 04:17:58 UTC] PHP Warning:  count(): Parameter must be an array or an object that implements Countable in E:\xampp\htdocs\wp_docpress\wp-content\plugins\documentor\core\guide.php on line 16
[21-Jan-2022 04:17:58 UTC] PHP Warning:  count(): Parameter must be an array or an object that implements Countable in E:\xampp\htdocs\wp_docpress\wp-content\plugins\documentor\core\guide.php on line 16
[21-Jan-2022 04:17:58 UTC] PHP Warning:  count(): Parameter must be an array or an object that implements Countable in E:\xampp\htdocs\wp_docpress\wp-content\plugins\documentor\core\guide.php on line 16
[21-Jan-2022 04:17:58 UTC] PHP Warning:  count(): Parameter must be an array or an object that implements Countable in E:\xampp\htdocs\wp_docpress\wp-content\plugins\documentor\core\guide.php on line 16
[21-Jan-2022 04:17:58 UTC] PHP Warning:  count(): Parameter must be an array or an object that implements Countable in E:\xampp\htdocs\wp_docpress\wp-content\plugins\documentor\core\guide.php on line 16
[21-Jan-2022 04:17:58 UTC] PHP Warning:  count(): Parameter must be an array or an object that implements Countable in E:\xampp\htdocs\wp_docpress\wp-content\plugins\documentor\core\guide.php on line 16
[21-Jan-2022 04:17:58 UTC] PHP Warning:  count(): Parameter must be an array or an object that implements Countable in E:\xampp\htdocs\wp_docpress\wp-content\plugins\documentor\core\guide.php on line 16
[21-Jan-2022 04:17:58 UTC] PHP Warning:  count(): Parameter must be an array or an object that implements Countable in E:\xampp\htdocs\wp_docpress\wp-content\plugins\documentor\core\guide.php on line 16
[21-Jan-2022 04:17:58 UTC] PHP Warning:  count(): Parameter must be an array or an object that implements Countable in E:\xampp\htdocs\wp_docpress\wp-content\plugins\documentor\core\guide.php on line 16
[21-Jan-2022 04:17:58 UTC] PHP Warning:  count(): Parameter must be an array or an object that implements Countable in E:\xampp\htdocs\wp_docpress\wp-content\plugins\documentor\core\guide.php on line 16
[21-Jan-2022 04:17:58 UTC] PHP Warning:  count(): Parameter must be an array or an object that implements Countable in E:\xampp\htdocs\wp_docpress\wp-content\plugins\documentor\core\guide.php on line 16
[21-Jan-2022 04:17:58 UTC] PHP Warning:  count(): Parameter must be an array or an object that implements Countable in E:\xampp\htdocs\wp_docpress\wp-content\plugins\documentor\core\guide.php on line 16
[21-Jan-2022 04:17:58 UTC] PHP Warning:  count(): Parameter must be an array or an object that implements Countable in E:\xampp\htdocs\wp_docpress\wp-content\plugins\documentor\core\guide.php on line 16
[21-Jan-2022 04:17:58 UTC] PHP Warning:  count(): Parameter must be an array or an object that implements Countable in E:\xampp\htdocs\wp_docpress\wp-content\plugins\documentor\core\guide.php on line 16
[21-Jan-2022 04:17:58 UTC] PHP Warning:  count(): Parameter must be an array or an object that implements Countable in E:\xampp\htdocs\wp_docpress\wp-content\plugins\documentor\core\guide.php on line 16
[21-Jan-2022 04:17:58 UTC] PHP Warning:  count(): Parameter must be an array or an object that implements Countable in E:\xampp\htdocs\wp_docpress\wp-content\plugins\documentor\core\guide.php on line 16
[21-Jan-2022 04:17:58 UTC] PHP Warning:  count(): Parameter must be an array or an object that implements Countable in E:\xampp\htdocs\wp_docpress\wp-content\plugins\documentor\core\guide.php on line 16
[21-Jan-2022 04:17:59 UTC] PHP Warning:  count(): Parameter must be an array or an object that implements Countable in E:\xampp\htdocs\wp_docpress\wp-content\plugins\documentor\core\guide.php on line 16
[21-Jan-2022 04:17:59 UTC] PHP Warning:  count(): Parameter must be an array or an object that implements Countable in E:\xampp\htdocs\wp_docpress\wp-content\plugins\documentor\core\guide.php on line 16
[21-Jan-2022 04:17:59 UTC] PHP Warning:  count(): Parameter must be an array or an object that implements Countable in E:\xampp\htdocs\wp_docpress\wp-content\plugins\documentor\core\guide.php on line 16
[21-Jan-2022 04:17:59 UTC] PHP Warning:  count(): Parameter must be an array or an object that implements Countable in E:\xampp\htdocs\wp_docpress\wp-content\plugins\documentor\core\guide.php on line 16
[21-Jan-2022 04:17:59 UTC] PHP Warning:  count(): Parameter must be an array or an object that implements Countable in E:\xampp\htdocs\wp_docpress\wp-content\plugins\documentor\core\guide.php on line 16
[21-Jan-2022 04:17:59 UTC] PHP Warning:  count(): Parameter must be an array or an object that implements Countable in E:\xampp\htdocs\wp_docpress\wp-content\plugins\documentor\core\guide.php on line 16
[21-Jan-2022 04:17:59 UTC] PHP Warning:  count(): Parameter must be an array or an object that implements Countable in E:\xampp\htdocs\wp_docpress\wp-content\plugins\documentor\core\guide.php on line 16
[21-Jan-2022 04:17:59 UTC] PHP Warning:  count(): Parameter must be an array or an object that implements Countable in E:\xampp\htdocs\wp_docpress\wp-content\plugins\documentor\core\guide.php on line 16
[21-Jan-2022 04:17:59 UTC] PHP Warning:  count(): Parameter must be an array or an object that implements Countable in E:\xampp\htdocs\wp_docpress\wp-content\plugins\documentor\core\guide.php on line 16
[21-Jan-2022 04:17:59 UTC] PHP Warning:  count(): Parameter must be an array or an object that implements Countable in E:\xampp\htdocs\wp_docpress\wp-content\plugins\documentor\core\guide.php on line 16
[21-Jan-2022 04:17:59 UTC] PHP Warning:  count(): Parameter must be an array or an object that implements Countable in E:\xampp\htdocs\wp_docpress\wp-content\plugins\documentor\core\guide.php on line 16
[21-Jan-2022 04:17:59 UTC] PHP Warning:  count(): Parameter must be an array or an object that implements Countable in E:\xampp\htdocs\wp_docpress\wp-content\plugins\documentor\core\guide.php on line 16
[21-Jan-2022 04:17:59 UTC] PHP Warning:  count(): Parameter must be an array or an object that implements Countable in E:\xampp\htdocs\wp_docpress\wp-content\plugins\documentor\core\guide.php on line 16
[21-Jan-2022 04:17:59 UTC] PHP Warning:  count(): Parameter must be an array or an object that implements Countable in E:\xampp\htdocs\wp_docpress\wp-content\plugins\documentor\core\guide.php on line 16
[21-Jan-2022 04:17:59 UTC] PHP Warning:  count(): Parameter must be an array or an object that implements Countable in E:\xampp\htdocs\wp_docpress\wp-content\plugins\documentor\core\guide.php on line 16
[21-Jan-2022 04:17:59 UTC] PHP Warning:  count(): Parameter must be an array or an object that implements Countable in E:\xampp\htdocs\wp_docpress\wp-content\plugins\documentor\core\guide.php on line 16
[21-Jan-2022 04:17:59 UTC] PHP Warning:  count(): Parameter must be an array or an object that implements Countable in E:\xampp\htdocs\wp_docpress\wp-content\plugins\documentor\core\guide.php on line 16
[21-Jan-2022 04:17:59 UTC] PHP Warning:  count(): Parameter must be an array or an object that implements Countable in E:\xampp\htdocs\wp_docpress\wp-content\plugins\documentor\core\guide.php on line 16
[21-Jan-2022 04:17:59 UTC] PHP Warning:  count(): Parameter must be an array or an object that implements Countable in E:\xampp\htdocs\wp_docpress\wp-content\plugins\documentor\core\guide.php on line 16
[21-Jan-2022 04:17:59 UTC] PHP Warning:  count(): Parameter must be an array or an object that implements Countable in E:\xampp\htdocs\wp_docpress\wp-content\plugins\documentor\core\guide.php on line 16
[21-Jan-2022 04:17:59 UTC] PHP Warning:  count(): Parameter must be an array or an object that implements Countable in E:\xampp\htdocs\wp_docpress\wp-content\plugins\documentor\core\guide.php on line 16
[21-Jan-2022 04:17:59 UTC] PHP Warning:  count(): Parameter must be an array or an object that implements Countable in E:\xampp\htdocs\wp_docpress\wp-content\plugins\documentor\core\guide.php on line 16
[21-Jan-2022 04:17:59 UTC] PHP Warning:  count(): Parameter must be an array or an object that implements Countable in E:\xampp\htdocs\wp_docpress\wp-content\plugins\documentor\core\guide.php on line 16
[21-Jan-2022 04:17:59 UTC] PHP Warning:  count(): Parameter must be an array or an object that implements Countable in E:\xampp\htdocs\wp_docpress\wp-content\plugins\documentor\core\guide.php on line 16
[21-Jan-2022 04:17:59 UTC] PHP Warning:  count(): Parameter must be an array or an object that implements Countable in E:\xampp\htdocs\wp_docpress\wp-content\plugins\documentor\core\guide.php on line 16
[21-Jan-2022 04:17:59 UTC] PHP Warning:  count(): Parameter must be an array or an object that implements Countable in E:\xampp\htdocs\wp_docpress\wp-content\plugins\documentor\core\guide.php on line 16
[21-Jan-2022 04:17:59 UTC] PHP Warning:  count(): Parameter must be an array or an object that implements Countable in E:\xampp\htdocs\wp_docpress\wp-content\plugins\documentor\core\guide.php on line 16
[21-Jan-2022 04:17:59 UTC] PHP Warning:  count(): Parameter must be an array or an object that implements Countable in E:\xampp\htdocs\wp_docpress\wp-content\plugins\documentor\core\guide.php on line 16
[21-Jan-2022 04:17:59 UTC] PHP Warning:  count(): Parameter must be an array or an object that implements Countable in E:\xampp\htdocs\wp_docpress\wp-content\plugins\documentor\core\guide.php on line 16
[21-Jan-2022 04:17:59 UTC] PHP Warning:  count(): Parameter must be an array or an object that implements Countable in E:\xampp\htdocs\wp_docpress\wp-content\plugins\documentor\core\guide.php on line 16
[21-Jan-2022 04:17:59 UTC] PHP Warning:  count(): Parameter must be an array or an object that implements Countable in E:\xampp\htdocs\wp_docpress\wp-content\plugins\documentor\core\guide.php on line 16
[21-Jan-2022 04:17:59 UTC] PHP Warning:  count(): Parameter must be an array or an object that implements Countable in E:\xampp\htdocs\wp_docpress\wp-content\plugins\documentor\core\guide.php on line 16
[21-Jan-2022 04:17:59 UTC] PHP Warning:  count(): Parameter must be an array or an object that implements Countable in E:\xampp\htdocs\wp_docpress\wp-content\plugins\documentor\core\guide.php on line 16
[21-Jan-2022 04:17:59 UTC] PHP Warning:  count(): Parameter must be an array or an object that implements Countable in E:\xampp\htdocs\wp_docpress\wp-content\plugins\documentor\core\guide.php on line 16
[21-Jan-2022 04:17:59 UTC] PHP Warning:  count(): Parameter must be an array or an object that implements Countable in E:\xampp\htdocs\wp_docpress\wp-content\plugins\documentor\core\guide.php on line 16
[21-Jan-2022 04:17:59 UTC] PHP Warning:  count(): Parameter must be an array or an object that implements Countable in E:\xampp\htdocs\wp_docpress\wp-content\plugins\documentor\core\guide.php on line 16
[21-Jan-2022 04:17:59 UTC] PHP Warning:  count(): Parameter must be an array or an object that implements Countable in E:\xampp\htdocs\wp_docpress\wp-content\plugins\documentor\core\guide.php on line 16
[21-Jan-2022 04:17:59 UTC] PHP Warning:  count(): Parameter must be an array or an object that implements Countable in E:\xampp\htdocs\wp_docpress\wp-content\plugins\documentor\core\guide.php on line 16
[21-Jan-2022 04:17:59 UTC] PHP Warning:  count(): Parameter must be an array or an object that implements Countable in E:\xampp\htdocs\wp_docpress\wp-content\plugins\documentor\core\guide.php on line 16
[21-Jan-2022 04:17:59 UTC] PHP Warning:  count(): Parameter must be an array or an object that implements Countable in E:\xampp\htdocs\wp_docpress\wp-content\plugins\documentor\core\guide.php on line 16
[21-Jan-2022 04:17:59 UTC] PHP Warning:  count(): Parameter must be an array or an object that implements Countable in E:\xampp\htdocs\wp_docpress\wp-content\plugins\documentor\core\guide.php on line 16
[21-Jan-2022 04:17:59 UTC] PHP Warning:  count(): Parameter must be an array or an object that implements Countable in E:\xampp\htdocs\wp_docpress\wp-content\plugins\documentor\core\guide.php on line 16
[21-Jan-2022 04:17:59 UTC] PHP Warning:  count(): Parameter must be an array or an object that implements Countable in E:\xampp\htdocs\wp_docpress\wp-content\plugins\documentor\core\guide.php on line 16
[21-Jan-2022 04:17:59 UTC] PHP Warning:  count(): Parameter must be an array or an object that implements Countable in E:\xampp\htdocs\wp_docpress\wp-content\plugins\documentor\core\guide.php on line 16
[21-Jan-2022 04:17:59 UTC] PHP Warning:  count(): Parameter must be an array or an object that implements Countable in E:\xampp\htdocs\wp_docpress\wp-content\plugins\documentor\core\guide.php on line 16
[21-Jan-2022 04:17:59 UTC] PHP Warning:  count(): Parameter must be an array or an object that implements Countable in E:\xampp\htdocs\wp_docpress\wp-content\plugins\documentor\core\guide.php on line 16
[21-Jan-2022 04:17:59 UTC] PHP Warning:  count(): Parameter must be an array or an object that implements Countable in E:\xampp\htdocs\wp_docpress\wp-content\plugins\documentor\core\guide.php on line 16
[21-Jan-2022 04:17:59 UTC] PHP Warning:  count(): Parameter must be an array or an object that implements Countable in E:\xampp\htdocs\wp_docpress\wp-content\plugins\documentor\core\guide.php on line 16
[21-Jan-2022 04:17:59 UTC] PHP Warning:  count(): Parameter must be an array or an object that implements Countable in E:\xampp\htdocs\wp_docpress\wp-content\plugins\documentor\core\guide.php on line 16
[21-Jan-2022 04:17:59 UTC] PHP Warning:  count(): Parameter must be an array or an object that implements Countable in E:\xampp\htdocs\wp_docpress\wp-content\plugins\documentor\core\guide.php on line 16
[21-Jan-2022 04:17:59 UTC] PHP Warning:  count(): Parameter must be an array or an object that implements Countable in E:\xampp\htdocs\wp_docpress\wp-content\plugins\documentor\core\guide.php on line 16
[21-Jan-2022 04:17:59 UTC] PHP Warning:  count(): Parameter must be an array or an object that implements Countable in E:\xampp\htdocs\wp_docpress\wp-content\plugins\documentor\core\guide.php on line 16
[21-Jan-2022 04:17:59 UTC] PHP Warning:  count(): Parameter must be an array or an object that implements Countable in E:\xampp\htdocs\wp_docpress\wp-content\plugins\documentor\core\guide.php on line 16
[21-Jan-2022 04:17:59 UTC] PHP Warning:  count(): Parameter must be an array or an object that implements Countable in E:\xampp\htdocs\wp_docpress\wp-content\plugins\documentor\core\guide.php on line 16
[21-Jan-2022 04:17:59 UTC] PHP Warning:  count(): Parameter must be an array or an object that implements Countable in E:\xampp\htdocs\wp_docpress\wp-content\plugins\documentor\core\guide.php on line 16
[21-Jan-2022 04:17:59 UTC] PHP Warning:  count(): Parameter must be an array or an object that implements Countable in E:\xampp\htdocs\wp_docpress\wp-content\plugins\documentor\core\guide.php on line 16
[21-Jan-2022 04:17:59 UTC] PHP Warning:  count(): Parameter must be an array or an object that implements Countable in E:\xampp\htdocs\wp_docpress\wp-content\plugins\documentor\core\guide.php on line 16
[21-Jan-2022 04:17:59 UTC] PHP Warning:  count(): Parameter must be an array or an object that implements Countable in E:\xampp\htdocs\wp_docpress\wp-content\plugins\documentor\core\guide.php on line 16
[21-Jan-2022 04:17:59 UTC] PHP Warning:  count(): Parameter must be an array or an object that implements Countable in E:\xampp\htdocs\wp_docpress\wp-content\plugins\documentor\core\guide.php on line 16
[21-Jan-2022 04:17:59 UTC] PHP Warning:  count(): Parameter must be an array or an object that implements Countable in E:\xampp\htdocs\wp_docpress\wp-content\plugins\documentor\core\guide.php on line 16
[21-Jan-2022 04:17:59 UTC] PHP Warning:  count(): Parameter must be an array or an object that implements Countable in E:\xampp\htdocs\wp_docpress\wp-content\plugins\documentor\core\guide.php on line 16
[21-Jan-2022 04:17:59 UTC] PHP Warning:  count(): Parameter must be an array or an object that implements Countable in E:\xampp\htdocs\wp_docpress\wp-content\plugins\documentor\core\guide.php on line 16
[21-Jan-2022 04:17:59 UTC] PHP Warning:  count(): Parameter must be an array or an object that implements Countable in E:\xampp\htdocs\wp_docpress\wp-content\plugins\documentor\core\guide.php on line 16
[21-Jan-2022 04:17:59 UTC] PHP Warning:  count(): Parameter must be an array or an object that implements Countable in E:\xampp\htdocs\wp_docpress\wp-content\plugins\documentor\core\guide.php on line 16
[21-Jan-2022 04:17:59 UTC] PHP Warning:  count(): Parameter must be an array or an object that implements Countable in E:\xampp\htdocs\wp_docpress\wp-content\plugins\documentor\core\guide.php on line 16
[21-Jan-2022 04:17:59 UTC] PHP Warning:  count(): Parameter must be an array or an object that implements Countable in E:\xampp\htdocs\wp_docpress\wp-content\plugins\documentor\core\guide.php on line 16
[21-Jan-2022 04:17:59 UTC] PHP Warning:  count(): Parameter must be an array or an object that implements Countable in E:\xampp\htdocs\wp_docpress\wp-content\plugins\documentor\core\guide.php on line 16
[21-Jan-2022 04:17:59 UTC] PHP Warning:  count(): Parameter must be an array or an object that implements Countable in E:\xampp\htdocs\wp_docpress\wp-content\plugins\documentor\core\guide.php on line 16
[21-Jan-2022 04:17:59 UTC] PHP Warning:  count(): Parameter must be an array or an object that implements Countable in E:\xampp\htdocs\wp_docpress\wp-content\plugins\documentor\core\guide.php on line 16
[21-Jan-2022 04:17:59 UTC] PHP Warning:  count(): Parameter must be an array or an object that implements Countable in E:\xampp\htdocs\wp_docpress\wp-content\plugins\documentor\core\guide.php on line 16
[21-Jan-2022 04:17:59 UTC] PHP Warning:  count(): Parameter must be an array or an object that implements Countable in E:\xampp\htdocs\wp_docpress\wp-content\plugins\documentor\core\guide.php on line 16
[21-Jan-2022 04:17:59 UTC] PHP Warning:  count(): Parameter must be an array or an object that implements Countable in E:\xampp\htdocs\wp_docpress\wp-content\plugins\documentor\core\guide.php on line 16
[21-Jan-2022 04:17:59 UTC] PHP Warning:  count(): Parameter must be an array or an object that implements Countable in E:\xampp\htdocs\wp_docpress\wp-content\plugins\documentor\core\guide.php on line 16
[21-Jan-2022 04:17:59 UTC] PHP Warning:  count(): Parameter must be an array or an object that implements Countable in E:\xampp\htdocs\wp_docpress\wp-content\plugins\documentor\core\guide.php on line 16
[21-Jan-2022 04:17:59 UTC] PHP Warning:  count(): Parameter must be an array or an object that implements Countable in E:\xampp\htdocs\wp_docpress\wp-content\plugins\documentor\core\guide.php on line 16
[21-Jan-2022 04:17:59 UTC] PHP Warning:  count(): Parameter must be an array or an object that implements Countable in E:\xampp\htdocs\wp_docpress\wp-content\plugins\documentor\core\guide.php on line 16
[21-Jan-2022 04:17:59 UTC] PHP Warning:  count(): Parameter must be an array or an object that implements Countable in E:\xampp\htdocs\wp_docpress\wp-content\plugins\documentor\core\guide.php on line 16
[21-Jan-2022 04:17:59 UTC] PHP Warning:  count(): Parameter must be an array or an object that implements Countable in E:\xampp\htdocs\wp_docpress\wp-content\plugins\documentor\core\guide.php on line 16
[21-Jan-2022 04:17:59 UTC] PHP Warning:  count(): Parameter must be an array or an object that implements Countable in E:\xampp\htdocs\wp_docpress\wp-content\plugins\documentor\core\guide.php on line 16
[21-Jan-2022 04:17:59 UTC] PHP Warning:  count(): Parameter must be an array or an object that implements Countable in E:\xampp\htdocs\wp_docpress\wp-content\plugins\documentor\core\guide.php on line 16
[21-Jan-2022 04:17:59 UTC] PHP Warning:  count(): Parameter must be an array or an object that implements Countable in E:\xampp\htdocs\wp_docpress\wp-content\plugins\documentor\core\guide.php on line 16
[21-Jan-2022 04:17:59 UTC] PHP Warning:  count(): Parameter must be an array or an object that implements Countable in E:\xampp\htdocs\wp_docpress\wp-content\plugins\documentor\core\guide.php on line 16
[21-Jan-2022 04:17:59 UTC] PHP Warning:  count(): Parameter must be an array or an object that implements Countable in E:\xampp\htdocs\wp_docpress\wp-content\plugins\documentor\core\guide.php on line 16
[21-Jan-2022 04:17:59 UTC] PHP Warning:  count(): Parameter must be an array or an object that implements Countable in E:\xampp\htdocs\wp_docpress\wp-content\plugins\documentor\core\guide.php on line 16
[21-Jan-2022 04:17:59 UTC] PHP Warning:  count(): Parameter must be an array or an object that implements Countable in E:\xampp\htdocs\wp_docpress\wp-content\plugins\documentor\core\guide.php on line 16
[21-Jan-2022 04:17:59 UTC] PHP Warning:  count(): Parameter must be an array or an object that implements Countable in E:\xampp\htdocs\wp_docpress\wp-content\plugins\documentor\core\guide.php on line 16
[21-Jan-2022 04:17:59 UTC] PHP Warning:  count(): Parameter must be an array or an object that implements Countable in E:\xampp\htdocs\wp_docpress\wp-content\plugins\documentor\core\guide.php on line 16
[21-Jan-2022 04:17:59 UTC] PHP Warning:  count(): Parameter must be an array or an object that implements Countable in E:\xampp\htdocs\wp_docpress\wp-content\plugins\documentor\core\guide.php on line 16
[21-Jan-2022 04:17:59 UTC] PHP Warning:  count(): Parameter must be an array or an object that implements Countable in E:\xampp\htdocs\wp_docpress\wp-content\plugins\documentor\core\guide.php on line 16
[21-Jan-2022 04:17:59 UTC] PHP Warning:  count(): Parameter must be an array or an object that implements Countable in E:\xampp\htdocs\wp_docpress\wp-content\plugins\documentor\core\guide.php on line 16
[21-Jan-2022 04:17:59 UTC] PHP Warning:  count(): Parameter must be an array or an object that implements Countable in E:\xampp\htdocs\wp_docpress\wp-content\plugins\documentor\core\guide.php on line 16
[21-Jan-2022 04:17:59 UTC] PHP Warning:  count(): Parameter must be an array or an object that implements Countable in E:\xampp\htdocs\wp_docpress\wp-content\plugins\documentor\core\guide.php on line 16
[21-Jan-2022 04:17:59 UTC] PHP Warning:  count(): Parameter must be an array or an object that implements Countable in E:\xampp\htdocs\wp_docpress\wp-content\plugins\documentor\core\guide.php on line 16
[21-Jan-2022 04:17:59 UTC] PHP Warning:  count(): Parameter must be an array or an object that implements Countable in E:\xampp\htdocs\wp_docpress\wp-content\plugins\documentor\core\guide.php on line 16
[21-Jan-2022 04:17:59 UTC] PHP Warning:  count(): Parameter must be an array or an object that implements Countable in E:\xampp\htdocs\wp_docpress\wp-content\plugins\documentor\core\guide.php on line 16
[21-Jan-2022 04:17:59 UTC] PHP Warning:  count(): Parameter must be an array or an object that implements Countable in E:\xampp\htdocs\wp_docpress\wp-content\plugins\documentor\core\guide.php on line 16
[21-Jan-2022 04:17:59 UTC] PHP Warning:  count(): Parameter must be an array or an object that implements Countable in E:\xampp\htdocs\wp_docpress\wp-content\plugins\documentor\core\guide.php on line 16
[21-Jan-2022 04:17:59 UTC] PHP Warning:  count(): Parameter must be an array or an object that implements Countable in E:\xampp\htdocs\wp_docpress\wp-content\plugins\documentor\core\guide.php on line 16
[21-Jan-2022 04:17:59 UTC] PHP Warning:  count(): Parameter must be an array or an object that implements Countable in E:\xampp\htdocs\wp_docpress\wp-content\plugins\documentor\core\guide.php on line 16
[21-Jan-2022 04:17:59 UTC] PHP Warning:  count(): Parameter must be an array or an object that implements Countable in E:\xampp\htdocs\wp_docpress\wp-content\plugins\documentor\core\guide.php on line 16
[21-Jan-2022 04:17:59 UTC] PHP Notice:  Undefined index: title in E:\xampp\htdocs\wp_docpress\wp-content\themes\docspress\single.php on line 62
[21-Jan-2022 04:17:59 UTC] PHP Notice:  Undefined index: text in E:\xampp\htdocs\wp_docpress\wp-content\themes\docspress\single.php on line 64
[21-Jan-2022 04:17:59 UTC] PHP Deprecated:  Methods with the same name as their class will not be constructors in a future version of PHP; add_documentor_pro_button has a deprecated constructor in E:\xampp\htdocs\wp_docpress\wp-content\plugins\documentor\core\includes\tinymce\tinymce.php on line 10
